<?xml version="1.0" encoding="UTF-8"?>
<!-- Generated by org.testng.reporters.JUnitReportReporter -->
<testsuite hostname="DESKTOP-UTJTOH1" name="com.pack.home.TestExecution.TestRun" tests="11" failures="0" timestamp="24 Sep 2017 14:18:36 GMT" time="87.058" errors="0">
  <testcase name="NClink" time="5.574" classname="com.pack.home.TestExecution.TestRun"/>
  <testcase name="Nconlink" time="13.991" classname="com.pack.home.TestExecution.TestRun"/>
  <testcase name="clickRefund" time="5.400" classname="com.pack.home.TestExecution.TestRun"/>
  <testcase name="Paybilllink" time="5.439" classname="com.pack.home.TestExecution.TestRun"/>
  <testcase name="clickPrivacy" time="5.914" classname="com.pack.home.TestExecution.TestRun"/>
  <testcase name="clickTerms" time="9.899" classname="com.pack.home.TestExecution.TestRun"/>
  <testcase name="Aboutlink" time="5.820" classname="com.pack.home.TestExecution.TestRun"/>
  <testcase name="CUlink" time="7.207" classname="com.pack.home.TestExecution.TestRun"/>
  <testcase name="Planslink" time="5.520" classname="com.pack.home.TestExecution.TestRun"/>
  <testcase name="clickfaq" time="5.330" classname="com.pack.home.TestExecution.TestRun"/>
  <testcase name="sendlink" time="16.964" classname="com.pack.home.TestExecution.TestRun"/>
</testsuite> <!-- com.pack.home.TestExecution.TestRun -->
